Sending build context to Docker daemon     98MB
Step 1/15 : ARG SPECTRA_VERSION=1.4.0
Step 2/15 : ARG BUILDRUN
Step 3/15 : ARG MSC_PORT=8088
Step 4/15 : FROM chambm/pwiz-skyline-i-agree-to-the-vendor-licenses as msconvert
 ---> 519466b4e54f
Step 5/15 : RUN apt-get -y update &&     apt-get -y upgrade &&     apt-get --no-install-recommends -y install python3-pip curl &&     pip install flask gevent
 ---> Using cache
 ---> eab04783f372
Step 6/15 : COPY --from=chemotion-build/base:1.4.0 /tini /tini
 ---> Using cache
 ---> df2cb7fada7a
Step 7/15 : COPY ./scripts/mscrunner.py /app/mscrunner.py
 ---> Using cache
 ---> 9a47e86d221c
Step 8/15 : ARG MSC_PORT
 ---> Using cache
 ---> b06e23d9a4c9
Step 9/15 : RUN mkdir -p /shared && rm -rf /data &&     ln -s /shared /data
 ---> Using cache
 ---> 04b9269c1509
Step 10/15 : EXPOSE ${MSC_PORT}
 ---> Using cache
 ---> fcb909fb53d2
Step 11/15 : ENV FLASK_ENV=production     FLASK_DEBUG=0     MSC_PORT=${MSC_PORT}
 ---> Using cache
 ---> 56e73ebdd28f
Step 12/15 : ENTRYPOINT ["/tini", "--"]
 ---> Using cache
 ---> aeb948fe8961
Step 13/15 : WORKDIR "/app"
 ---> Using cache
 ---> 3c6c997671e0
Step 14/15 : CMD ["python3", "mscrunner.py"]
 ---> Using cache
 ---> 288772aa4ef1
Step 15/15 : HEALTHCHECK --interval=5s --timeout=3s --start-period=30s --retries=3     CMD curl --fail http://localhost:${MSC_PORT}/ping || exit 1
 ---> Using cache
 ---> 3ac143d1c93b
Successfully built 3ac143d1c93b
Successfully tagged chemotion-build/msconvert:1.4.0
