Sending build context to Docker daemon  4.096kB
Step 1/15 : ARG BASE=ubuntu:21.04
Step 2/15 : ARG BASE_VERSION=1.4.0
Step 3/15 : ARG BUILDRUN
Step 4/15 : ARG TINI_VERSION="v0.19.0"
Step 5/15 : FROM ${BASE} AS base
 ---> 7cc39f89fa58
Step 6/15 : ARG TZ=Europe/Berlin
 ---> Using cache
 ---> bdb1ebfd21da
Step 7/15 : RUN ln -s /usr/share/zoneinfo/${TZ} /etc/localtime
 ---> Using cache
 ---> 082b6b8ae0b4
Step 8/15 : ENV LANG=en_US.UTF-8     LANGUAGE=en_US.UTF-8     LC_ALL=en_US.UTF-8
 ---> Using cache
 ---> a6744805b60e
Step 9/15 : RUN echo -e "LANG=${LANG}\nLC_ALL=${LANG}" > /etc/locale.conf &&     echo "${LANG} UTF-8" > /etc/locale.gen
 ---> Using cache
 ---> a311afdc2017
Step 10/15 : RUN sed -i -re 's/([a-z]{2}\.)?archive.ubuntu.com|security.ubuntu.com/old-releases.ubuntu.com/g' /etc/apt/sources.list
 ---> Using cache
 ---> 85c7168438dd
Step 11/15 : RUN apt-get -y update && apt-get -y upgrade &&     apt-get install -y --no-install-recommends locales &&     locale-gen en_US.UTF-8
 ---> Using cache
 ---> 84ab253bf1a9
Step 12/15 : ARG TINI_VERSION
 ---> Using cache
 ---> 1552664beb34
Step 13/15 : ADD https://github.com/krallin/tini/releases/download/${TINI_VERSION}/tini /tini


 ---> Using cache
 ---> eef3d66b130b
Step 14/15 : RUN chmod +x /tini
 ---> Using cache
 ---> 9dd969bc92a4
Step 15/15 : ENTRYPOINT ["/tini", "--"]
 ---> Using cache
 ---> ddd79c08c9e5
Successfully built ddd79c08c9e5
Successfully tagged chemotion-build/base:1.4.0
